  Main.cpp
C:\Users\ASUS\OneDrive\Máy tính\LTNC\LTNC_New\LTNC\ProjectQLBH\ProjectCTDL1\Menu.h(72,20): warning C4018: '<': signed/unsigned mismatch
C:\Users\ASUS\OneDrive\Máy tính\LTNC\LTNC_New\LTNC\ProjectQLBH\ProjectCTDL1\GoodManagement.h(33,20): warning C4018: '<': signed/unsigned mismatch
C:\Users\ASUS\OneDrive\Máy tính\LTNC\LTNC_New\LTNC\ProjectQLBH\ProjectCTDL1\GoodManagement.h(34,25): warning C4018: '<': signed/unsigned mismatch
C:\Users\ASUS\OneDrive\Máy tính\LTNC\LTNC_New\LTNC\ProjectQLBH\ProjectCTDL1\GoodManagement.h(54,21): warning C4018: '<': signed/unsigned mismatch
C:\Users\ASUS\OneDrive\Máy tính\LTNC\LTNC_New\LTNC\ProjectQLBH\ProjectCTDL1\GoodManagement.h(73,20): warning C4018: '<': signed/unsigned mismatch
C:\Users\ASUS\OneDrive\Máy tính\LTNC\LTNC_New\LTNC\ProjectQLBH\ProjectCTDL1\orders.h(48,21): warning C4018: '<': signed/unsigned mismatch
C:\Users\ASUS\OneDrive\Máy tính\LTNC\LTNC_New\LTNC\ProjectQLBH\ProjectCTDL1\OrdersProcessing.h(41,21): warning C4018: '<': signed/unsigned mismatch
C:\Users\ASUS\OneDrive\Máy tính\LTNC\LTNC_New\LTNC\ProjectQLBH\ProjectCTDL1\OrdersProcessing.h(42,22): warning C4018: '<': signed/unsigned mismatch
C:\Users\ASUS\OneDrive\Máy tính\LTNC\LTNC_New\LTNC\ProjectQLBH\ProjectCTDL1\OrdersProcessing.h(57,20): warning C4018: '<': signed/unsigned mismatch
C:\Users\ASUS\OneDrive\Máy tính\LTNC\LTNC_New\LTNC\ProjectQLBH\ProjectCTDL1\OrdersProcessing.h(58,21): warning C4018: '<': signed/unsigned mismatch
C:\Users\ASUS\OneDrive\Máy tính\LTNC\LTNC_New\LTNC\ProjectQLBH\ProjectCTDL1\Search.h(3,9): warning C4067: unexpected tokens following preprocessor directive - expected a newline
C:\Users\ASUS\OneDrive\Máy tính\LTNC\LTNC_New\LTNC\ProjectQLBH\ProjectCTDL1\Search.h(4,9): warning C4067: unexpected tokens following preprocessor directive - expected a newline
C:\Users\ASUS\OneDrive\Máy tính\LTNC\LTNC_New\LTNC\ProjectQLBH\ProjectCTDL1\Search.h(38,22): warning C4018: '<': signed/unsigned mismatch
C:\Users\ASUS\OneDrive\Máy tính\LTNC\LTNC_New\LTNC\ProjectQLBH\ProjectCTDL1\Display.h(3,9): warning C4067: unexpected tokens following preprocessor directive - expected a newline
C:\Users\ASUS\OneDrive\Máy tính\LTNC\LTNC_New\LTNC\ProjectQLBH\ProjectCTDL1\Display.h(4,9): warning C4067: unexpected tokens following preprocessor directive - expected a newline
C:\Users\ASUS\OneDrive\Máy tính\LTNC\LTNC_New\LTNC\ProjectQLBH\ProjectCTDL1\CheckAndReport.h(23,22): warning C4018: '<': signed/unsigned mismatch
C:\Users\ASUS\OneDrive\Máy tính\LTNC\LTNC_New\LTNC\ProjectQLBH\ProjectCTDL1\CheckAndReport.h(63,21): warning C4018: '<': signed/unsigned mismatch
C:\Users\ASUS\OneDrive\Máy tính\LTNC\LTNC_New\LTNC\ProjectQLBH\ProjectCTDL1\Statistical.h(3,9): warning C4067: unexpected tokens following preprocessor directive - expected a newline
C:\Users\ASUS\OneDrive\Máy tính\LTNC\LTNC_New\LTNC\ProjectQLBH\ProjectCTDL1\Statistical.h(52,20): warning C4018: '<': signed/unsigned mismatch
C:\Users\ASUS\OneDrive\Máy tính\LTNC\LTNC_New\LTNC\ProjectQLBH\ProjectCTDL1\Statistical.h(53,25): warning C4018: '<': signed/unsigned mismatch
C:\Users\ASUS\OneDrive\Máy tính\LTNC\LTNC_New\LTNC\ProjectQLBH\ProjectCTDL1\Statistical.h(69,21): warning C4018: '<': signed/unsigned mismatch
C:\Users\ASUS\OneDrive\Máy tính\LTNC\LTNC_New\LTNC\ProjectQLBH\ProjectCTDL1\Menu.h(43): warning C4715: 'keyboard': not all control paths return a value
  ProjectCTDL1.vcxproj -> C:\Users\ASUS\OneDrive\Máy tính\LTNC\LTNC_New\LTNC\ProjectQLBH\Debug\ProjectCTDL1.exe
